<?xml version="1.0" encoding="UTF-8"?>
<!-- Generated by org.testng.reporters.JUnitReportReporter -->
<testsuite hostname="DESKTOP-BPC4G7D" name="testng9.DataDriven" tests="3" failures="0" timestamp="22 Jul 2019 04:39:15 GMT" time="34.423" errors="0">
  <testcase name="f" time="12.350" classname="testng9.DataDriven"/>
  <testcase name="f" time="10.763" classname="testng9.DataDriven"/>
  <testcase name="f" time="11.310" classname="testng9.DataDriven"/>
</testsuite> <!-- testng9.DataDriven -->
