<?xml version="1.0" encoding="UTF-8"?>
<!-- Generated by org.testng.reporters.JUnitReportReporter -->
<testsuite hostname="DESKTOP-BPC4G7D" name="testng9.NewTest" tests="3" failures="0" timestamp="19 Jul 2019 04:45:30 GMT" time="0.015" errors="0">
  <testcase name="f" time="0.000" classname="testng9.NewTest"/>
  <testcase name="f2" time="0.000" classname="testng9.NewTest"/>
  <testcase name="f1" time="0.015" classname="testng9.NewTest"/>
</testsuite> <!-- testng9.NewTest -->
